<?xml version="1.0" encoding="UTF-8"?>
<testng-results ignored="0" total="1" passed="1" failed="0" skipped="0">
  <reporter-output>
  </reporter-output>
  <suite started-at="2026-05-06T05:22:59 EEST" name="Command line suite" finished-at="2026-05-06T05:23:18 EEST" duration-ms="18129">
    <groups>
    </groups>
    <test started-at="2026-05-06T05:22:59 EEST" name="Command line test" finished-at="2026-05-06T05:23:18 EEST" duration-ms="18129">
      <class name="tests.EndToEndTest">
        <test-method is-config="true" signature="setup()[pri:0, instance:tests.EndToEndTest@76329302]" started-at="2026-05-06T05:22:59 EEST" name="setup" finished-at="2026-05-06T05:23:02 EEST" duration-ms="2686" status="PASS">
          <reporter-output>
          </reporter-output>
        </test-method> <!-- setup -->
        <test-method signature="testFlow()[pri:0, instance:tests.EndToEndTest@76329302]" started-at="2026-05-06T05:23:02 EEST" name="testFlow" finished-at="2026-05-06T05:23:17 EEST" duration-ms="15251" status="PASS">
          <reporter-output>
          </reporter-output>
        </test-method> <!-- testFlow -->
        <test-method is-config="true" signature="tearDown()[pri:0, instance:tests.EndToEndTest@76329302]" started-at="2026-05-06T05:23:17 EEST" name="tearDown" finished-at="2026-05-06T05:23:18 EEST" duration-ms="132" status="PASS">
          <reporter-output>
          </reporter-output>
        </test-method> <!-- tearDown -->
      </class> <!-- tests.EndToEndTest -->
    </test> <!-- Command line test -->
  </suite> <!-- Command line suite -->
</testng-results>
